<?xml version="1.0" encoding="UTF-8"?>
<!-- Generated by org.testng.reporters.JUnitReportReporter -->
<testsuite hostname="Ashwanis-MacBook-Pro.local" failures="0" tests="3" name="TestNG.Practice1" time="6.349" errors="0" timestamp="2025-03-24T15:34:23 IST" skipped="0">
  <testcase classname="TestNG.Practice1" name="openapp" time="6.015"/>
  <testcase classname="TestNG.Practice1" name="login" time="0.243"/>
  <testcase classname="TestNG.Practice1" name="close" time="0.091"/>
</testsuite> <!-- TestNG.Practice1 -->
